c:\users\taisen\desktop\ubisoft-next-2023-programming-entry\next-api\game\x64\debug\vc142.pdb
c:\users\taisen\desktop\ubisoft-next-2023-programming-entry\next-api\game\x64\debug\vc142.idb
c:\users\taisen\desktop\2023-ubisoft-next-programming-setup\next-api\game\x64\debug\vc142.pdb
c:\users\taisen\desktop\2023-ubisoft-next-programming-setup\next-api\game\x64\debug\vc142.idb
c:\users\taisen\desktop\2023-ubisoft-next-programming-setup\next-api\game\x64\debug\game.obj
c:\users\taisen\desktop\2023-ubisoft-next-programming-setup\next-api\game\x64\debug\textureloader.obj
c:\users\taisen\desktop\2023-ubisoft-next-programming-setup\next-api\game\x64\debug\simplesprite.obj
c:\users\taisen\desktop\2023-ubisoft-next-programming-setup\next-api\game\x64\debug\simplesound.obj
c:\users\taisen\desktop\2023-ubisoft-next-programming-setup\next-api\game\x64\debug\simplecontroller.obj
c:\users\taisen\desktop\2023-ubisoft-next-programming-setup\next-api\game\x64\debug\main.obj
c:\users\taisen\desktop\2023-ubisoft-next-programming-setup\next-api\game\x64\debug\app.obj
c:\users\taisen\desktop\2023-ubisoft-next-programming-setup\next-api\game\x64\debug\vector3test.obj
c:\users\taisen\desktop\2023-ubisoft-next-programming-setup\next-api\game\x64\debug\vector3.obj
c:\users\taisen\desktop\2023-ubisoft-next-programming-setup\next-api\game\x64\debug\renderer.obj
c:\users\taisen\desktop\2023-ubisoft-next-programming-setup\next-api\game\x64\debug\scene.obj
c:\users\taisen\desktop\2023-ubisoft-next-programming-setup\next-api\game\x64\debug\transform.obj
c:\users\taisen\desktop\2023-ubisoft-next-programming-setup\next-api\game\x64\debug\collider.obj
c:\users\taisen\desktop\2023-ubisoft-next-programming-setup\next-api\game\x64\debug\game.pch
c:\users\taisen\desktop\2023-ubisoft-next-programming-setup\next-api\game\x64\debug\stdafx.obj
c:\users\taisen\desktop\2023-ubisoft-next-programming-setup\next-api\game\x64\debug\gameobject.obj
c:\users\taisen\desktop\2023-ubisoft-next-programming-setup\next-api\game\x64\debug\gameobjecttest.obj
c:\users\taisen\desktop\2023-ubisoft-next-programming-setup\next-api\game\x64\debug\goactor.obj
c:\users\taisen\desktop\2023-ubisoft-next-programming-setup\next-api\game\x64\debug\character.obj
c:\users\taisen\desktop\2023-ubisoft-next-programming-setup\next-api\game\x64\debug\randomutility.obj
c:\users\taisen\desktop\2023-ubisoft-next-programming-setup\next-api\game\x64\debug\physics.obj
c:\users\taisen\desktop\2023-ubisoft-next-programming-setup\next-api\game\x64\debug\game.ilk
c:\users\taisen\desktop\2023-ubisoft-next-programming-setup\next-api\x64\debug\game.exe
c:\users\taisen\desktop\2023-ubisoft-next-programming-setup\next-api\x64\debug\game.pdb
c:\users\taisen\desktop\2023-ubisoft-next-programming-setup\next-api\game\x64\debug\goplayer.obj
c:\users\taisen\desktop\2023-ubisoft-next-programming-setup\next-api\game\x64\debug\matrix.obj
c:\users\taisen\desktop\2023-ubisoft-next-programming-setup\next-api\game\x64\debug\matrixtest.obj
c:\users\taisen\desktop\2023-ubisoft-next-programming-setup\next-api\game\x64\debug\mesh.obj
c:\users\taisen\desktop\2023-ubisoft-next-programming-setup\next-api\game\x64\debug\printingtest.obj
c:\users\taisen\desktop\2023-ubisoft-next-programming-setup\next-api\game\x64\debug\triangle.obj
c:\users\taisen\desktop\2023-ubisoft-next-programming-setup\next-api\game\x64\debug\vector3.test.obj
c:\users\taisen\desktop\2023-ubisoft-next-programming-setup\next-api\game\x64\debug\scene.obj.enc
c:\users\taisen\desktop\2023-ubisoft-next-programming-setup\next-api\game\x64\debug\game.tlog\cl.command.1.tlog
c:\users\taisen\desktop\2023-ubisoft-next-programming-setup\next-api\game\x64\debug\game.tlog\cl.read.1.tlog
c:\users\taisen\desktop\2023-ubisoft-next-programming-setup\next-api\game\x64\debug\game.tlog\cl.write.1.tlog
c:\users\taisen\desktop\2023-ubisoft-next-programming-setup\next-api\game\x64\debug\game.tlog\link.command.1.tlog
c:\users\taisen\desktop\2023-ubisoft-next-programming-setup\next-api\game\x64\debug\game.tlog\link.read.1.tlog
c:\users\taisen\desktop\2023-ubisoft-next-programming-setup\next-api\game\x64\debug\game.tlog\link.write.1.tlog
